Traceback (most recent call last):
  File "/home/codespace/.local/lib/python3.12/site-packages/jupyter_core/utils/__init__.py", line 154, in wrapped
    asyncio.get_running_loop()
RuntimeError: no running event loop

During handling of the above exception, another exception occurred:

Traceback (most recent call last):
  File "/home/codespace/.local/lib/python3.12/site-packages/jupyter_cache/executors/utils.py", line 58, in single_nb_execution
    executenb(
  File "/home/codespace/.local/lib/python3.12/site-packages/nbclient/client.py", line 1319, in execute
    return NotebookClient(nb=nb, resources=resources, km=km, **kwargs).execute()
           ^^^^^^^^^^^^^^^^^^^^^^^^^^^^^^^^^^^^^^^^^^^^^^^^^^^^^^^^^^^^^^^^^^^^^
  File "/home/codespace/.local/lib/python3.12/site-packages/jupyter_core/utils/__init__.py", line 158, in wrapped
    return loop.run_until_complete(inner)
           ^^^^^^^^^^^^^^^^^^^^^^^^^^^^^^
  File "/usr/local/python/3.12.1/lib/python3.12/asyncio/base_events.py", line 684, in run_until_complete
    return future.result()
           ^^^^^^^^^^^^^^^
  File "/home/codespace/.local/lib/python3.12/site-packages/nbclient/client.py", line 709, in async_execute
    await self.async_execute_cell(
  File "/home/codespace/.local/lib/python3.12/site-packages/nbclient/client.py", line 1062, in async_execute_cell
    await self._check_raise_for_error(cell, cell_index, exec_reply)
  File "/home/codespace/.local/lib/python3.12/site-packages/nbclient/client.py", line 918, in _check_raise_for_error
    raise CellExecutionError.from_cell_and_msg(cell, exec_reply_content)
nbclient.exceptions.CellExecutionError: An error occurred while executing the following cell:
------------------
import json
from jupyterquiz import display_quiz

quiz_json = \
'''
[{
  "question": "×”×§×•×“ ×”×‘× ×¢×•×©×” ×©×™××•×© ×‘×§×‘×•×¢×™× ××ª×•×š scipy.constants:<br><br>from scipy import constants<br>c = constants.c  # ××”×™×¨×•×ª ×”××•×¨ (m/s)<br>h = constants.h  # ×§×‘×•×¢ ×¤×œ×× ×§ (JÂ·s)<br>kB = constants.Boltzmann  # ×§×‘×•×¢ ×‘×•×œ×¦××Ÿ (J/K)<br><br>××”×™ ×”×ª×›×•× ×” ×”××¨×›×–×™×ª ×©×œ ×”×§×‘×•×¢×™× ×”×œ×œ×• ×•×›×™×¦×“ × ×©×ª××© ×‘×”× × ×›×•×Ÿ?",
  "type": "many_choice",
  "answers": [
    {
      "answer": "×”×§×‘×•×¢×™× ××•×’×“×¨×™× ×‘×™×—×™×“×•×ª SI ××“×•×™×§×•×ª ×œ×¤×™ CODATA ×•× ×™×ª× ×™× ×œ×©×™××•×© ×™×©×™×¨ ×‘×—×™×©×•×‘×™× ×¤×™×–×™×§×œ×™×™×",
      "correct": true,
      "feedback": "× ×›×•×Ÿ! scipy.constants ××¡×¤×§ ×¢×¨×›×™× ×¢×“×›× ×™×™× ×‘×™×—×™×“×•×ª SI ×ª×§× ×™×•×ª ×œ×©×™××•×© ××™×™×“×™."
    },
    {
      "answer": "×”×§×‘×•×¢×™× × ×™×ª× ×™× ×¨×§ ×‘×™×—×™×“×•×ª ×œ×Ö¾SI ×•×™×© ×œ×”××™×¨ ××•×ª× ×ª××™×“ ×‘××•×¤×Ÿ ×™×“× ×™",
      "correct": false,
      "feedback": "×œ× × ×›×•×Ÿ â€” ×›×‘×¨×™×¨×ª ××—×“×œ ×”×§×‘×•×¢×™× × ×™×ª× ×™× ×‘×™×—×™×“×•×ª SI. ×”××¨×” × ×“×¨×©×ª ×¨×§ ×× ×¨×•×¦×™× ×™×—×™×“×•×ª ××—×¨×•×ª."
    },
    {
      "answer": "×”×§×‘×•×¢×™× ××©×ª× ×™× ×‘×™×Ÿ ×¨×™×¦×•×ª ×•×œ×›×Ÿ ××™× × ××ª××™××™× ×œ×—×™×©×•×‘×™× ××“×•×™×§×™×",
      "correct": false,
      "feedback": "×××© ×œ× â€” ×”×¢×¨×›×™× ×§×‘×•×¢×™× ×•××—×™×“×™× ×œ×¤×™ ×”×”×’×“×¨×•×ª ×”×¤×™×–×™×§×œ×™×•×ª ×”××§×•×‘×œ×•×ª."
    },
    {
      "answer": "×”×§×‘×•×¢×™× ×–××™× ×™× ×‘-numpy ××š ×œ× ×‘-scipy",
      "correct": false,
      "feedback": "×œ× × ×›×•×Ÿ â€” numpy ×œ× ×›×•×œ×œ ×§×‘×•×¢×™× ×¤×™×–×™×§×œ×™×™×; ×¨×§ scipy.constants ××¡×¤×§ ××•×ª×."
    }
  ]
}]
'''
myquiz = json.loads(quiz_json)
display_quiz(myquiz)

------------------


[31m---------------------------------------------------------------------------[39m
[31mModuleNotFoundError[39m                       Traceback (most recent call last)
[36mCell[39m[36m [39m[32mIn[9][39m[32m, line 2[39m
[32m      1[39m [38;5;28;01mimport[39;00m[38;5;250m [39m[34;01mjson[39;00m
[32m----> [39m[32m2[39m [38;5;28;01mfrom[39;00m[38;5;250m [39m[34;01mjupyterquiz[39;00m[38;5;250m [39m[38;5;28;01mimport[39;00m display_quiz
[32m      4[39m quiz_json = \
[32m      5[39m [33;03m'''[39;00m
[32m      6[39m [33;03m[{[39;00m
[32m   (...)[39m[32m     31[39m [33;03m}][39;00m
[32m     32[39m [33;03m'''[39;00m
[32m     33[39m myquiz = json.loads(quiz_json)

[31mModuleNotFoundError[39m: No module named 'jupyterquiz'

