Traceback (most recent call last):
  File "/home/codespace/.local/lib/python3.12/site-packages/jupyter_core/utils/__init__.py", line 154, in wrapped
    asyncio.get_running_loop()
RuntimeError: no running event loop

During handling of the above exception, another exception occurred:

Traceback (most recent call last):
  File "/home/codespace/.local/lib/python3.12/site-packages/jupyter_cache/executors/utils.py", line 58, in single_nb_execution
    executenb(
  File "/home/codespace/.local/lib/python3.12/site-packages/nbclient/client.py", line 1319, in execute
    return NotebookClient(nb=nb, resources=resources, km=km, **kwargs).execute()
           ^^^^^^^^^^^^^^^^^^^^^^^^^^^^^^^^^^^^^^^^^^^^^^^^^^^^^^^^^^^^^^^^^^^^^
  File "/home/codespace/.local/lib/python3.12/site-packages/jupyter_core/utils/__init__.py", line 158, in wrapped
    return loop.run_until_complete(inner)
           ^^^^^^^^^^^^^^^^^^^^^^^^^^^^^^
  File "/usr/local/python/3.12.1/lib/python3.12/asyncio/base_events.py", line 684, in run_until_complete
    return future.result()
           ^^^^^^^^^^^^^^^
  File "/home/codespace/.local/lib/python3.12/site-packages/nbclient/client.py", line 709, in async_execute
    await self.async_execute_cell(
  File "/home/codespace/.local/lib/python3.12/site-packages/nbclient/client.py", line 1062, in async_execute_cell
    await self._check_raise_for_error(cell, cell_index, exec_reply)
  File "/home/codespace/.local/lib/python3.12/site-packages/nbclient/client.py", line 918, in _check_raise_for_error
    raise CellExecutionError.from_cell_and_msg(cell, exec_reply_content)
nbclient.exceptions.CellExecutionError: An error occurred while executing the following cell:
------------------
import json
from jupyterquiz import display_quiz

quiz_json = '''
[
  {
    "question": "×‘××¡×’×¨×ª × ×™×ª×•×— × ×™×¡×•×™ ×¤×™×–×™×§×œ×™ × ××“×“×” ×× ×¨×’×™×” ×™×•××™×ª (kJ) ×¢×‘×•×¨ ××¡×¤×¨ × ×™×¡×•×™×™× ×©×•× ×™×. ×× ×• ×¨×•×¦×™× ×œ×—×©×‘:<br><br>1ï¸âƒ£ ××ª ×¡×›×•× ×•×××•×¦×¢ ×”×× ×¨×’×™×” ×œ×›×œ × ×™×¡×•×™,<br>2ï¸âƒ£ ××ª ××—×•×– ×”×ª×¨×•××” ×©×œ ×›×œ ××“×™×“×” ×œ×¡×š ×”× ×™×¡×•×™,<br>3ï¸âƒ£ ×•××ª ×”×××•×¦×¢ ×”× ×¢ ×œÖ¾7 ×™××™× ×›×“×™ ×œ×”×—×œ×™×§ ×ª× ×•×“×•×ª.<br><br>××™×œ×• ×¤×§×•×“×•×ª ×©×œ Pandas ××ª××™××•×ª ×œ×›×œ ××—×ª ××”××©×™××•×ª?",
    "type": "many_choice",
    "answers": [
      {
        "answer": "groupby() + agg(), transform('sum'), rolling(window=7)",
        "correct": true,
        "feedback": "× ×›×•×Ÿ! groupby/agg ××‘×¦×¢×™× ×¦×‘×™×¨×” ×œ×¤×™ × ×™×¡×•×™, transform ××©××© ×œ× ×•×¨××œ×™×–×¦×™×” ×‘×¨××ª ×”×©×•×¨×”, ×•Ö¾rolling(window=7) ××—×©×‘ ×××•×¦×¢ × ×¢."
      },
      {
        "answer": "pivot_table(), merge(), melt()",
        "correct": false,
        "feedback": "×œ× ××“×•×™×§ â€” ××œ×• ×¤×•× ×§×¦×™×•×ª ×œ×¢×™×¦×•×‘ ×•×©×™× ×•×™ ××‘× ×” ×”× ×ª×•× ×™×, ×œ× ×œ×—×™×©×•×‘ ×¦×‘×™×¨×•×ª ××• ×××•×¦×¢×™× × ×¢×™×."
      },
      {
        "answer": "apply(lambda x: ...), concat(), join()",
        "correct": false,
        "feedback": "×œ× â€” apply ×™×¢×‘×•×“ ××š ×¤×—×•×ª ×™×¢×™×œ, ×•Ö¾concat/join ××™× × ×§×©×•×¨×™× ×œ×—×™×©×•×‘×™× ×§×‘×•×¦×ª×™×™× ××• ×××•×¦×¢×™× × ×¢×™×."
      },
      {
        "answer": "unique(), drop_duplicates(), isin()",
        "correct": false,
        "feedback": "×œ× â€” ××œ×• ×¤×•× ×§×¦×™×•×ª ×œ×¡×™× ×•×Ÿ ×•×–×™×”×•×™ ×¨×©×•××•×ª ×™×™×—×•×“×™×•×ª, ×œ× ×œ× ×™×ª×•×—×™× ×›××•×ª×™×™× ××• ×—×™×©×•×‘×™× ×¡×˜×˜×™×¡×˜×™×™×."
      }
    ]
  }
]
'''

myquiz = json.loads(quiz_json)
display_quiz(myquiz)

------------------


[31m---------------------------------------------------------------------------[39m
[31mModuleNotFoundError[39m                       Traceback (most recent call last)
[36mCell[39m[36m [39m[32mIn[7][39m[32m, line 2[39m
[32m      1[39m [38;5;28;01mimport[39;00m[38;5;250m [39m[34;01mjson[39;00m
[32m----> [39m[32m2[39m [38;5;28;01mfrom[39;00m[38;5;250m [39m[34;01mjupyterquiz[39;00m[38;5;250m [39m[38;5;28;01mimport[39;00m display_quiz
[32m      4[39m quiz_json = [33m'''[39m
[32m      5[39m [33m[[39m
[32m      6[39m [33m  [39m[33m{[39m
[32m   (...)[39m[32m     32[39m [33m][39m
[32m     33[39m [33m'''[39m
[32m     35[39m myquiz = json.loads(quiz_json)

[31mModuleNotFoundError[39m: No module named 'jupyterquiz'

